<?xml version="1.0" encoding="UTF-8"?>
<testsuite xmlns:xsi="http://www.w3.org/2001/XMLSchema-instance" xsi:noNamespaceSchemaLocation="https://maven.apache.org/surefire/maven-surefire-plugin/xsd/surefire-test-report-3.0.xsd" version="3.0" name="steps.TDDTest" time="0.047" tests="2" errors="0" skipped="0" failures="0">
  <properties>
    <property name="java.specification.version" value="17"/>
    <property name="sun.cpu.isalist" value="amd64"/>
    <property name="sun.jnu.encoding" value="Cp1252"/>
    <property name="java.class.path" value="C:\Users\Fassatoui Mohamed Al\eclipse-workspace\Test_BTJ-main\target\test-classes;C:\Users\Fassatoui Mohamed Al\eclipse-workspace\Test_BTJ-main\target\classes;C:\Users\Fassatoui Mohamed Al\.m2\repository\io\cucumber\cucumber-java\7.13.0\cucumber-java-7.13.0.jar;C:\Users\Fassatoui Mohamed Al\.m2\repository\io\cucumber\cucumber-core\7.13.0\cucumber-core-7.13.0.jar;C:\Users\Fassatoui Mohamed Al\.m2\repository\io\cucumber\cucumber-gherkin\7.13.0\cucumber-gherkin-7.13.0.jar;C:\Users\Fassatoui Mohamed Al\.m2\repository\io\cucumber\cucumber-gherkin-messages\7.13.0\cucumber-gherkin-messages-7.13.0.jar;C:\Users\Fassatoui Mohamed Al\.m2\repository\io\cucumber\gherkin\26.2.0\gherkin-26.2.0.jar;C:\Users\Fassatoui Mohamed Al\.m2\repository\io\cucumber\messages\22.0.0\messages-22.0.0.jar;C:\Users\Fassatoui Mohamed Al\.m2\repository\io\cucumber\tag-expressions\5.0.1\tag-expressions-5.0.1.jar;C:\Users\Fassatoui Mohamed Al\.m2\repository\io\cucumber\cucumber-expressions\16.1.2\cucumber-expressions-16.1.2.jar;C:\Users\Fassatoui Mohamed Al\.m2\repository\io\cucumber\datatable\7.13.0\datatable-7.13.0.jar;C:\Users\Fassatoui Mohamed Al\.m2\repository\io\cucumber\cucumber-plugin\7.13.0\cucumber-plugin-7.13.0.jar;C:\Users\Fassatoui Mohamed Al\.m2\repository\io\cucumber\docstring\7.13.0\docstring-7.13.0.jar;C:\Users\Fassatoui Mohamed Al\.m2\repository\io\cucumber\html-formatter\20.3.1\html-formatter-20.3.1.jar;C:\Users\Fassatoui Mohamed Al\.m2\repository\io\cucumber\junit-xml-formatter\0.2.0\junit-xml-formatter-0.2.0.jar;C:\Users\Fassatoui Mohamed Al\.m2\repository\io\cucumber\ci-environment\9.2.0\ci-environment-9.2.0.jar;C:\Users\Fassatoui Mohamed Al\.m2\repository\org\apiguardian\apiguardian-api\1.1.2\apiguardian-api-1.1.2.jar;C:\Users\Fassatoui Mohamed Al\.m2\repository\io\cucumber\cucumber-junit\7.13.0\cucumber-junit-7.13.0.jar;C:\Users\Fassatoui Mohamed Al\.m2\repository\junit\junit\4.13.2\junit-4.13.2.jar;C:\Users\Fassatoui Mohamed Al\.m2\repository\org\hamcrest\hamcrest-core\1.3\hamcrest-core-1.3.jar;"/>
    <property name="java.vm.vendor" value="Oracle Corporation"/>
    <property name="sun.arch.data.model" value="64"/>
    <property name="user.variant" value=""/>
    <property name="java.vendor.url" value="https://java.oracle.com/"/>
    <property name="user.timezone" value="Africa/Tunis"/>
    <property name="user.country.format" value="TN"/>
    <property name="os.name" value="Windows 10"/>
    <property name="java.vm.specification.version" value="17"/>
    <property name="sun.java.launcher" value="SUN_STANDARD"/>
    <property name="user.country" value="FR"/>
    <property name="sun.boot.library.path" value="C:\Program Files\Java\jdk-17.0.10\bin"/>
    <property name="sun.java.command" value="C:\Users\Fassatoui Mohamed Al\AppData\Local\Temp\surefire16179818190999197646\surefirebooter16716956982235058620.jar C:\Users\Fassatoui Mohamed Al\AppData\Local\Temp\surefire16179818190999197646 2024-12-10T18-47-59_045-jvmRun1 surefire2352944978638424529tmp surefire_07257942043755134021tmp"/>
    <property name="jdk.debug" value="release"/>
    <property name="surefire.test.class.path" value="C:\Users\Fassatoui Mohamed Al\eclipse-workspace\Test_BTJ-main\target\test-classes;C:\Users\Fassatoui Mohamed Al\eclipse-workspace\Test_BTJ-main\target\classes;C:\Users\Fassatoui Mohamed Al\.m2\repository\io\cucumber\cucumber-java\7.13.0\cucumber-java-7.13.0.jar;C:\Users\Fassatoui Mohamed Al\.m2\repository\io\cucumber\cucumber-core\7.13.0\cucumber-core-7.13.0.jar;C:\Users\Fassatoui Mohamed Al\.m2\repository\io\cucumber\cucumber-gherkin\7.13.0\cucumber-gherkin-7.13.0.jar;C:\Users\Fassatoui Mohamed Al\.m2\repository\io\cucumber\cucumber-gherkin-messages\7.13.0\cucumber-gherkin-messages-7.13.0.jar;C:\Users\Fassatoui Mohamed Al\.m2\repository\io\cucumber\gherkin\26.2.0\gherkin-26.2.0.jar;C:\Users\Fassatoui Mohamed Al\.m2\repository\io\cucumber\messages\22.0.0\messages-22.0.0.jar;C:\Users\Fassatoui Mohamed Al\.m2\repository\io\cucumber\tag-expressions\5.0.1\tag-expressions-5.0.1.jar;C:\Users\Fassatoui Mohamed Al\.m2\repository\io\cucumber\cucumber-expressions\16.1.2\cucumber-expressions-16.1.2.jar;C:\Users\Fassatoui Mohamed Al\.m2\repository\io\cucumber\datatable\7.13.0\datatable-7.13.0.jar;C:\Users\Fassatoui Mohamed Al\.m2\repository\io\cucumber\cucumber-plugin\7.13.0\cucumber-plugin-7.13.0.jar;C:\Users\Fassatoui Mohamed Al\.m2\repository\io\cucumber\docstring\7.13.0\docstring-7.13.0.jar;C:\Users\Fassatoui Mohamed Al\.m2\repository\io\cucumber\html-formatter\20.3.1\html-formatter-20.3.1.jar;C:\Users\Fassatoui Mohamed Al\.m2\repository\io\cucumber\junit-xml-formatter\0.2.0\junit-xml-formatter-0.2.0.jar;C:\Users\Fassatoui Mohamed Al\.m2\repository\io\cucumber\ci-environment\9.2.0\ci-environment-9.2.0.jar;C:\Users\Fassatoui Mohamed Al\.m2\repository\org\apiguardian\apiguardian-api\1.1.2\apiguardian-api-1.1.2.jar;C:\Users\Fassatoui Mohamed Al\.m2\repository\io\cucumber\cucumber-junit\7.13.0\cucumber-junit-7.13.0.jar;C:\Users\Fassatoui Mohamed Al\.m2\repository\junit\junit\4.13.2\junit-4.13.2.jar;C:\Users\Fassatoui Mohamed Al\.m2\repository\org\hamcrest\hamcrest-core\1.3\hamcrest-core-1.3.jar;"/>
    <property name="sun.cpu.endian" value="little"/>
    <property name="user.home" value="C:\Users\Fassatoui Mohamed Al"/>
    <property name="user.language" value="fr"/>
    <property name="java.specification.vendor" value="Oracle Corporation"/>
    <property name="java.version.date" value="2024-01-16"/>
    <property name="java.home" value="C:\Program Files\Java\jdk-17.0.10"/>
    <property name="file.separator" value="\"/>
    <property name="basedir" value="C:\Users\Fassatoui Mohamed Al\eclipse-workspace\Test_BTJ-main"/>
    <property name="java.vm.compressedOopsMode" value="32-bit"/>
    <property name="line.separator" value="&#10;"/>
    <property name="java.vm.specification.vendor" value="Oracle Corporation"/>
    <property name="java.specification.name" value="Java Platform API Specification"/>
    <property name="surefire.real.class.path" value="C:\Users\Fassatoui Mohamed Al\AppData\Local\Temp\surefire16179818190999197646\surefirebooter16716956982235058620.jar"/>
    <property name="user.script" value=""/>
    <property name="sun.management.compiler" value="HotSpot 64-Bit Tiered Compilers"/>
    <property name="java.runtime.version" value="17.0.10+11-LTS-240"/>
    <property name="user.name" value="Fassatoui Mohamed Al"/>
    <property name="path.separator" value=";"/>
    <property name="os.version" value="10.0"/>
    <property name="java.runtime.name" value="Java(TM) SE Runtime Environment"/>
    <property name="file.encoding" value="Cp1252"/>
    <property name="java.vm.name" value="Java HotSpot(TM) 64-Bit Server VM"/>
    <property name="localRepository" value="C:\Users\Fassatoui Mohamed Al\.m2\repository"/>
    <property name="java.vendor.url.bug" value="https://bugreport.java.com/bugreport/"/>
    <property name="java.io.tmpdir" value="C:\Users\FASSAT~1\AppData\Local\Temp\"/>
    <property name="java.version" value="17.0.10"/>
    <property name="user.dir" value="C:\Users\Fassatoui Mohamed Al\eclipse-workspace\Test_BTJ-main"/>
    <property name="os.arch" value="amd64"/>
    <property name="java.vm.specification.name" value="Java Virtual Machine Specification"/>
    <property name="sun.os.patch.level" value=""/>
    <property name="native.encoding" value="Cp1252"/>
    <property name="java.library.path" value="C:\Program Files\Java\jdk-17.0.10\bin;C:\Windows\Sun\Java\bin;C:\Windows\system32;C:\Windows;C:\oracleApp\dbhomeXE\bin;C:\Windows\system32;C:\Windows;C:\Windows\System32\Wbem;C:\Windows\System32\WindowsPowerShell\v1.0\;C:\Windows\System32\OpenSSH\;C:\Program Files (x86)\NVIDIA Corporation\PhysX\Common;C:\Program Files\NVIDIA Corporation\NVIDIA NvDLISR;C:\xampp\php;C:\Program Files\nodejs\;C:\composer;C:\Program Files\Git\cmd;C:\Program Files (x86)\Microsoft SQL Server\160\Tools\Binn\;C:\Program Files\Microsoft SQL Server\160\Tools\Binn\;C:\Program Files\Microsoft SQL Server\Client SDK\ODBC\170\Tools\Binn\;C:\Program Files\Microsoft SQL Server\160\DTS\Binn\;C:\Program Files (x86)\Microsoft SQL Server\160\DTS\Binn\;C:\Program Files\Microsoft SQL Server\130\Tools\Binn\;C:\Program Files (x86)\Microsoft SQL Server\110\DTS\Binn\;C:\Program Files (x86)\Microsoft SQL Server\120\DTS\Binn\;C:\Program Files (x86)\Microsoft SQL Server\130\DTS\Binn\;C:\Program Files (x86)\Microsoft SQL Server\140\DTS\Binn\;C:\Program Files (x86)\Microsoft SQL Server\150\DTS\Binn\;C:\Program Files\Azure Data Studio\bin;C:\Program Files\dotnet\;C:\Program Files\Java\jdk1.8.0_74;C:\Program Files\Java\jdk-17.0.10\bin;C:\Users\Fassatoui Mohamed Al\Desktop\apache-maven-3.9.9\bin;C:\Users\Fassatoui Mohamed Al\AppData\Local\Programs\Python\Python312\Scripts\;C:\Users\Fassatoui Mohamed Al\AppData\Local\Programs\Python\Python312\;C:\Users\Fassatoui Mohamed Al\AppData\Local\Programs\Python\Python310\Scripts\;C:\Users\Fassatoui Mohamed Al\AppData\Local\Programs\Python\Python310\;C:\Users\Fassatoui Mohamed Al\AppData\Local\Microsoft\WindowsApps;C:\Users\Fassatoui Mohamed Al\AppData\Local\Programs\Microsoft VS Code\bin;C:\Users\Fassatoui Mohamed Al\AppData\Roaming\npm;C:\Users\Fassatoui Mohamed Al\AppData\Roaming\Composer\vendor\bin;C:\xampp\htdocs\symfony-cli_windows_amd64;C:\Program Files\Azure Data Studio\bin;C:\Users\Fassatoui Mohamed Al\AppData\Local\Programs\mongosh\;C:\Users\Fassatoui Mohamed Al\.dotnet\tools;C:\Program Files\JetBrains\PyCharm Community Edition 2023.2.5\bin;;C:\Users\Fassatoui Mohamed Al\AppData\Local\Programs\MiKTeX\miktex\bin\x64\;C:\ProgramData\Fassatoui Mohamed Al\GitHubDesktop\bin;C:\Users\Fassatoui Mohamed Al\AppData\Local\GitHubDesktop\bin;."/>
    <property name="java.vm.info" value="mixed mode, sharing"/>
    <property name="java.vendor" value="Oracle Corporation"/>
    <property name="java.vm.version" value="17.0.10+11-LTS-240"/>
    <property name="sun.io.unicode.encoding" value="UnicodeLittle"/>
    <property name="java.class.version" value="61.0"/>
  </properties>
  <testcase name="letudiant_est_connecte_sans_resultats" classname="steps.TDDTest" time="0.002"/>
  <testcase name="letudiant_est_connecte_et_dispose_de_resultats_enregistres" classname="steps.TDDTest" time="0"/>
</testsuite>